# JRE version: OpenJDK Runtime Environment (11.0.13) (build 11.0.13+0-b1751.21-8125866)
# Java VM: OpenJDK 64-Bit Server VM (11.0.13+0-b1751.21-8125866, mixed mode, tiered, compressed oops, g1 gc, windows-amd64)
Heap:
 garbage-first heap   total 622592K, used 168340K [0x0000000080000000, 0x0000000100000000)
  region size 1024K, 9 young (9216K), 9 survivors (9216K)
 Metaspace       used 113387K, capacity 117279K, committed 117584K, reserved 1150976K
  class space    used 14591K, capacity 16270K, committed 16384K, reserved 1048576K
GC Heap History (20 events):
Event: 22.568 GC heap after
{Heap after GC invocations=37 (full 0):
 garbage-first heap   total 187392K, used 100485K [0x0000000080000000, 0x0000000100000000)
  region size 1024K, 5 young (5120K), 5 survivors (5120K)
 Metaspace       used 99677K, capacity 101869K, committed 102992K, reserved 1138688K
  class space    used 12299K, capacity 13162K, committed 13568K, reserved 1048576K
}
Event: 22.613 GC heap before
{Heap before GC invocations=37 (full 0):
 garbage-first heap   total 187392K, used 103557K [0x0000000080000000, 0x0000000100000000)
  region size 1024K, 9 young (9216K), 5 survivors (5120K)
 Metaspace       used 99802K, capacity 102069K, committed 103248K, reserved 1138688K
  class space    used 12313K, capacity 13163K, committed 13568K, reserved 1048576K
}
Event: 22.619 GC heap after
{Heap after GC invocations=38 (full 0):
 garbage-first heap   total 225280K, used 95893K [0x0000000080000000, 0x0000000100000000)
  region size 1024K, 1 young (1024K), 1 survivors (1024K)
 Metaspace       used 99802K, capacity 102069K, committed 103248K, reserved 1138688K
  class space    used 12313K, capacity 13163K, committed 13568K, reserved 1048576K
}
Event: 23.705 GC heap before
{Heap before GC invocations=38 (full 0):
 garbage-first heap   total 225280K, used 154261K [0x0000000080000000, 0x0000000100000000)
  region size 1024K, 58 young (59392K), 1 survivors (1024K)
 Metaspace       used 103392K, capacity 105631K, committed 106832K, reserved 1142784K
  class space    used 12749K, capacity 13615K, committed 14080K, reserved 1048576K
}
Event: 23.709 GC heap after
{Heap after GC invocations=39 (full 0):
 garbage-first heap   total 225280K, used 98344K [0x0000000080000000, 0x0000000100000000)
  region size 1024K, 3 young (3072K), 3 survivors (3072K)
 Metaspace       used 103392K, capacity 105631K, committed 106832K, reserved 1142784K
  class space    used 12749K, capacity 13615K, committed 14080K, reserved 1048576K
}
Event: 23.996 GC heap before
{Heap before GC invocations=39 (full 0):
 garbage-first heap   total 225280K, used 158760K [0x0000000080000000, 0x0000000100000000)
  region size 1024K, 64 young (65536K), 3 survivors (3072K)
 Metaspace       used 104713K, capacity 107081K, committed 107728K, reserved 1142784K
  class space    used 12953K, capacity 13855K, committed 14208K, reserved 1048576K
}
Event: 24.001 GC heap after
{Heap after GC invocations=40 (full 0):
 garbage-first heap   total 225280K, used 103486K [0x0000000080000000, 0x0000000100000000)
  region size 1024K, 8 young (8192K), 8 survivors (8192K)
 Metaspace       used 104713K, capacity 107081K, committed 107728K, reserved 1142784K
  class space    used 12953K, capacity 13855K, committed 14208K, reserved 1048576K
}
Event: 24.077 GC heap before
{Heap before GC invocations=40 (full 0):
 garbage-first heap   total 225280K, used 163902K [0x0000000080000000, 0x0000000100000000)
  region size 1024K, 68 young (69632K), 8 survivors (8192K)
 Metaspace       used 105271K, capacity 107667K, committed 108240K, reserved 1142784K
  class space    used 13024K, capacity 13944K, committed 14208K, reserved 1048576K
}
Event: 24.084 GC heap after
{Heap after GC invocations=41 (full 0):
 garbage-first heap   total 225280K, used 119194K [0x0000000080000000, 0x0000000100000000)
  region size 1024K, 9 young (9216K), 9 survivors (9216K)
 Metaspace       used 105271K, capacity 107667K, committed 108240K, reserved 1142784K
  class space    used 13024K, capacity 13944K, committed 14208K, reserved 1048576K
}
Event: 24.424 GC heap before
{Heap before GC invocations=41 (full 0):
 garbage-first heap   total 225280K, used 169370K [0x0000000080000000, 0x0000000100000000)
  region size 1024K, 59 young (60416K), 9 survivors (9216K)
 Metaspace       used 108965K, capacity 111832K, committed 111952K, reserved 1146880K
  class space    used 13625K, capacity 14735K, committed 14848K, reserved 1048576K
}
Event: 24.438 GC heap after
{Heap after GC invocations=42 (full 0):
 garbage-first heap   total 225280K, used 124591K [0x0000000080000000, 0x0000000100000000)
  region size 1024K, 8 young (8192K), 8 survivors (8192K)
 Metaspace       used 108965K, capacity 111832K, committed 111952K, reserved 1146880K
  class space    used 13625K, capacity 14735K, committed 14848K, reserved 1048576K
}
Event: 24.601 GC heap before
{Heap before GC invocations=42 (full 0):
 garbage-first heap   total 225280K, used 172719K [0x0000000080000000, 0x0000000100000000)
  region size 1024K, 56 young (57344K), 8 survivors (8192K)
 Metaspace       used 110094K, capacity 113179K, committed 113488K, reserved 1148928K
  class space    used 13819K, capacity 14991K, committed 15104K, reserved 1048576K
}
Event: 24.660 GC heap after
{Heap after GC invocations=43 (full 0):
 garbage-first heap   total 275456K, used 133762K [0x0000000080000000, 0x0000000100000000)
  region size 1024K, 7 young (7168K), 7 survivors (7168K)
 Metaspace       used 110094K, capacity 113179K, committed 113488K, reserved 1148928K
  class space    used 13819K, capacity 14991K, committed 15104K, reserved 1048576K
}
Event: 25.137 GC heap before
{Heap before GC invocations=44 (full 0):
 garbage-first heap   total 275456K, used 201346K [0x0000000080000000, 0x0000000100000000)
  region size 1024K, 73 young (74752K), 7 survivors (7168K)
 Metaspace       used 111003K, capacity 114055K, committed 114384K, reserved 1148928K
  class space    used 13931K, capacity 15089K, committed 15232K, reserved 1048576K
}
Event: 25.191 GC heap after
{Heap after GC invocations=45 (full 0):
 garbage-first heap   total 275456K, used 147967K [0x0000000080000000, 0x0000000100000000)
  region size 1024K, 10 young (10240K), 10 survivors (10240K)
 Metaspace       used 111003K, capacity 114055K, committed 114384K, reserved 1148928K
  class space    used 13931K, capacity 15089K, committed 15232K, reserved 1048576K
}
Event: 25.231 GC heap before
{Heap before GC invocations=45 (full 0):
 garbage-first heap   total 275456K, used 151039K [0x0000000080000000, 0x0000000100000000)
  region size 1024K, 13 young (13312K), 10 survivors (10240K)
 Metaspace       used 111012K, capacity 114055K, committed 114384K, reserved 1148928K
  class space    used 13933K, capacity 15089K, committed 15232K, reserved 1048576K
}
Event: 25.270 GC heap after
{Heap after GC invocations=46 (full 0):
 garbage-first heap   total 275456K, used 146407K [0x0000000080000000, 0x0000000100000000)
  region size 1024K, 2 young (2048K), 2 survivors (2048K)
 Metaspace       used 111012K, capacity 114055K, committed 114384K, reserved 1148928K
  class space    used 13933K, capacity 15089K, committed 15232K, reserved 1048576K
}
Event: 25.650 GC heap before
{Heap before GC invocations=46 (full 0):
 garbage-first heap   total 275456K, used 208871K [0x0000000080000000, 0x0000000100000000)
  region size 1024K, 63 young (64512K), 2 survivors (2048K)
 Metaspace       used 112918K, capacity 116646K, committed 116816K, reserved 1150976K
  class space    used 14486K, capacity 16085K, committed 16128K, reserved 1048576K
}
Event: 25.718 GC heap after
{Heap after GC invocations=47 (full 0):
 garbage-first heap   total 275456K, used 157126K [0x0000000080000000, 0x0000000100000000)
  region size 1024K, 8 young (8192K), 8 survivors (8192K)
 Metaspace       used 112918K, capacity 116646K, committed 116816K, reserved 1150976K
  class space    used 14486K, capacity 16085K, committed 16128K, reserved 1048576K
}
Event: 26.105 GC heap before
{Heap before GC invocations=47 (full 0):
 garbage-first heap   total 275456K, used 215494K [0x0000000080000000, 0x0000000100000000)
  region size 1024K, 65 young (66560K), 8 survivors (8192K)
 Metaspace       used 113387K, capacity 117279K, committed 117584K, reserved 1150976K
  class space    used 14591K, capacity 16270K, committed 16384K, reserved 1048576K
}

