# JRE version: OpenJDK Runtime Environment (11.0.13) (build 11.0.13+0-b1751.21-8125866)
# Java VM: OpenJDK 64-Bit Server VM (11.0.13+0-b1751.21-8125866, mixed mode, tiered, compressed oops, g1 gc, windows-amd64)
Heap:
 garbage-first heap   total 225280K, used 115257K [0x0000000080000000, 0x0000000100000000)
  region size 1024K, 5 young (5120K), 5 survivors (5120K)
 Metaspace       used 99728K, capacity 101978K, committed 102992K, reserved 1138688K
  class space    used 12608K, capacity 13442K, committed 13824K, reserved 1048576K
GC Heap History (20 events):
Event: 12.860 GC heap after
{Heap after GC invocations=22 (full 0):
 garbage-first heap   total 155648K, used 96852K [0x0000000080000000, 0x0000000100000000)
  region size 1024K, 5 young (5120K), 5 survivors (5120K)
 Metaspace       used 91148K, capacity 93295K, committed 94544K, reserved 1130496K
  class space    used 11627K, capacity 12446K, committed 12800K, reserved 1048576K
}
Event: 13.101 GC heap before
{Heap before GC invocations=22 (full 0):
 garbage-first heap   total 155648K, used 109140K [0x0000000080000000, 0x0000000100000000)
  region size 1024K, 19 young (19456K), 5 survivors (5120K)
 Metaspace       used 91297K, capacity 93426K, committed 94544K, reserved 1130496K
  class space    used 11634K, capacity 12447K, committed 12800K, reserved 1048576K
}
Event: 13.110 GC heap after
{Heap after GC invocations=23 (full 0):
 garbage-first heap   total 155648K, used 104561K [0x0000000080000000, 0x0000000100000000)
  region size 1024K, 4 young (4096K), 4 survivors (4096K)
 Metaspace       used 91297K, capacity 93426K, committed 94544K, reserved 1130496K
  class space    used 11634K, capacity 12447K, committed 12800K, reserved 1048576K
}
Event: 13.363 GC heap before
{Heap before GC invocations=24 (full 0):
 garbage-first heap   total 155648K, used 137329K [0x0000000080000000, 0x0000000100000000)
  region size 1024K, 20 young (20480K), 4 survivors (4096K)
 Metaspace       used 92847K, capacity 95035K, committed 96336K, reserved 1132544K
  class space    used 11763K, capacity 12603K, committed 13056K, reserved 1048576K
}
Event: 13.370 GC heap after
{Heap after GC invocations=25 (full 0):
 garbage-first heap   total 187392K, used 106111K [0x0000000080000000, 0x0000000100000000)
  region size 1024K, 2 young (2048K), 2 survivors (2048K)
 Metaspace       used 92847K, capacity 95035K, committed 96336K, reserved 1132544K
  class space    used 11763K, capacity 12603K, committed 13056K, reserved 1048576K
}
Event: 13.541 GC heap before
{Heap before GC invocations=25 (full 0):
 garbage-first heap   total 187392K, used 132735K [0x0000000080000000, 0x0000000100000000)
  region size 1024K, 29 young (29696K), 2 survivors (2048K)
 Metaspace       used 94434K, capacity 96570K, committed 97744K, reserved 1134592K
  class space    used 11957K, capacity 12767K, committed 13184K, reserved 1048576K
}
Event: 13.554 GC heap after
{Heap after GC invocations=26 (full 0):
 garbage-first heap   total 187392K, used 106821K [0x0000000080000000, 0x0000000100000000)
  region size 1024K, 2 young (2048K), 2 survivors (2048K)
 Metaspace       used 94434K, capacity 96570K, committed 97744K, reserved 1134592K
  class space    used 11957K, capacity 12767K, committed 13184K, reserved 1048576K
}
Event: 13.829 GC heap before
{Heap before GC invocations=27 (full 0):
 garbage-first heap   total 187392K, used 136035K [0x0000000080000000, 0x0000000100000000)
  region size 1024K, 31 young (31744K), 2 survivors (2048K)
 Metaspace       used 96544K, capacity 98714K, committed 99792K, reserved 1136640K
  class space    used 12241K, capacity 13055K, committed 13440K, reserved 1048576K
}
Event: 13.831 GC heap after
{Heap after GC invocations=28 (full 0):
 garbage-first heap   total 187392K, used 106621K [0x0000000080000000, 0x0000000100000000)
  region size 1024K, 3 young (3072K), 3 survivors (3072K)
 Metaspace       used 96544K, capacity 98714K, committed 99792K, reserved 1136640K
  class space    used 12241K, capacity 13055K, committed 13440K, reserved 1048576K
}
Event: 13.879 GC heap before
{Heap before GC invocations=28 (full 0):
 garbage-first heap   total 187392K, used 112765K [0x0000000080000000, 0x0000000100000000)
  region size 1024K, 9 young (9216K), 3 survivors (3072K)
 Metaspace       used 97033K, capacity 99226K, committed 100432K, reserved 1136640K
  class space    used 12296K, capacity 13119K, committed 13568K, reserved 1048576K
}
Event: 13.884 GC heap after
{Heap after GC invocations=29 (full 0):
 garbage-first heap   total 187392K, used 98011K [0x0000000080000000, 0x0000000100000000)
  region size 1024K, 1 young (1024K), 1 survivors (1024K)
 Metaspace       used 97033K, capacity 99226K, committed 100432K, reserved 1136640K
  class space    used 12296K, capacity 13119K, committed 13568K, reserved 1048576K
}
Event: 14.185 GC heap before
{Heap before GC invocations=29 (full 0):
 garbage-first heap   total 187392K, used 132827K [0x0000000080000000, 0x0000000100000000)
  region size 1024K, 36 young (36864K), 1 survivors (1024K)
 Metaspace       used 97991K, capacity 100112K, committed 101200K, reserved 1136640K
  class space    used 12363K, capacity 13188K, committed 13568K, reserved 1048576K
}
Event: 14.208 GC heap after
{Heap after GC invocations=30 (full 0):
 garbage-first heap   total 187392K, used 101218K [0x0000000080000000, 0x0000000100000000)
  region size 1024K, 4 young (4096K), 4 survivors (4096K)
 Metaspace       used 97991K, capacity 100112K, committed 101200K, reserved 1136640K
  class space    used 12363K, capacity 13188K, committed 13568K, reserved 1048576K
}
Event: 14.416 GC heap before
{Heap before GC invocations=31 (full 0):
 garbage-first heap   total 187392K, used 131938K [0x0000000080000000, 0x0000000100000000)
  region size 1024K, 41 young (41984K), 4 survivors (4096K)
 Metaspace       used 98857K, capacity 101107K, committed 102096K, reserved 1138688K
  class space    used 12499K, capacity 13323K, committed 13696K, reserved 1048576K
}
Event: 14.422 GC heap after
{Heap after GC invocations=32 (full 0):
 garbage-first heap   total 187392K, used 103011K [0x0000000080000000, 0x0000000100000000)
  region size 1024K, 5 young (5120K), 5 survivors (5120K)
 Metaspace       used 98857K, capacity 101107K, committed 102096K, reserved 1138688K
  class space    used 12499K, capacity 13323K, committed 13696K, reserved 1048576K
}
Event: 14.426 GC heap before
{Heap before GC invocations=32 (full 0):
 garbage-first heap   total 187392K, used 106083K [0x0000000080000000, 0x0000000100000000)
  region size 1024K, 9 young (9216K), 5 survivors (5120K)
 Metaspace       used 98874K, capacity 101171K, committed 102096K, reserved 1138688K
  class space    used 12500K, capacity 13323K, committed 13696K, reserved 1048576K
}
Event: 14.429 GC heap after
{Heap after GC invocations=33 (full 0):
 garbage-first heap   total 187392K, used 99824K [0x0000000080000000, 0x0000000100000000)
  region size 1024K, 2 young (2048K), 2 survivors (2048K)
 Metaspace       used 98874K, capacity 101171K, committed 102096K, reserved 1138688K
  class space    used 12500K, capacity 13323K, committed 13696K, reserved 1048576K
}
Event: 14.469 GC heap before
{Heap before GC invocations=33 (full 0):
 garbage-first heap   total 187392K, used 136688K [0x0000000080000000, 0x0000000100000000)
  region size 1024K, 40 young (40960K), 2 survivors (2048K)
 Metaspace       used 99084K, capacity 101395K, committed 102352K, reserved 1138688K
  class space    used 12525K, capacity 13355K, committed 13696K, reserved 1048576K
}
Event: 14.473 GC heap after
{Heap after GC invocations=34 (full 0):
 garbage-first heap   total 187392K, used 110542K [0x0000000080000000, 0x0000000100000000)
  region size 1024K, 5 young (5120K), 5 survivors (5120K)
 Metaspace       used 99084K, capacity 101395K, committed 102352K, reserved 1138688K
  class space    used 12525K, capacity 13355K, committed 13696K, reserved 1048576K
}
Event: 14.571 GC heap before
{Heap before GC invocations=34 (full 0):
 garbage-first heap   total 187392K, used 142286K [0x0000000080000000, 0x0000000100000000)
  region size 1024K, 37 young (37888K), 5 survivors (5120K)
 Metaspace       used 99728K, capacity 101978K, committed 102992K, reserved 1138688K
  class space    used 12608K, capacity 13442K, committed 13824K, reserved 1048576K
}

